#
# There is insufficient memory for the Java Runtime Environment to continue.
# Native memory allocation (malloc) failed to allocate 480104 bytes for AllocateHeap
# Possible reasons:
#   The system is out of physical RAM or swap space
#   In 32 bit mode, the process size limit was hit
# Possible solutions:
#   Reduce memory load on the system
#   Increase physical memory or swap space
#   Check if swap backing store is full
#   Use 64 bit Java on a 64 bit OS
#   Decrease Java heap size (-Xmx/-Xms)
#   Decrease number of Java threads
#   Decrease Java thread stack sizes (-Xss)
#   Set larger code cache with -XX:ReservedCodeCacheSize=
# This output file may be truncated or incomplete.
#
#  Out of Memory Error (memory/allocation.inline.hpp:61), pid=19420, tid=0x0000000000004dec
#
# JRE version:  (8.0_101-b13) (build )
# Java VM: Java HotSpot(TM) 64-Bit Server VM (25.101-b13 mixed mode windows-amd64 compressed oops)
# Failed to write core dump. Minidumps are not enabled by default on client versions of Windows
#

---------------  T H R E A D  ---------------

Current thread (0x0000000002c2e000):  JavaThread "Unknown thread" [_thread_in_vm, id=19948, stack(0x0000000002c30000,0x0000000002d30000)]

Stack: [0x0000000002c30000,0x0000000002d30000]
[error occurred during error reporting (printing stack bounds), id 0xc0000005]

Native frames: (J=compiled Java code, j=interpreted, Vv=VM code, C=native code)


---------------  P R O C E S S  ---------------

Java Threads: ( => current thread )

Other Threads:

=>0x0000000002c2e000 (exited) JavaThread "Unknown thread" [_thread_in_vm, id=19948, stack(0x0000000002c30000,0x0000000002d30000)]

VM state:not at safepoint (not fully initialized)

VM Mutex/Monitor currently owned by a thread: None

GC Heap History (0 events):
No events

Deoptimization events (0 events):
No events

Internal exceptions (0 events):
No events

Events (0 events):
No events


Dynamic libraries:
0x00007ff7590e0000 - 0x00007ff759117000 	C:\Program Files\Java\jdk1.8.0_101\bin\java.exe
0x00007ffb19c80000 - 0x00007ffb19e51000 	C:\WINDOWS\SYSTEM32\ntdll.dll
0x00007ffb19970000 - 0x00007ffb19a1b000 	C:\WINDOWS\System32\KERNEL32.DLL
0x00007ffb165f0000 - 0x00007ffb1680d000 	C:\WINDOWS\System32\KERNELBASE.dll
0x00007ffb19ae0000 - 0x00007ffb19b82000 	C:\WINDOWS\System32\ADVAPI32.dll
0x00007ffb18720000 - 0x00007ffb187be000 	C:\WINDOWS\System32\msvcrt.dll
0x00007ffb187f0000 - 0x00007ffb18849000 	C:\WINDOWS\System32\sechost.dll
0x00007ffb191f0000 - 0x00007ffb19311000 	C:\WINDOWS\System32\RPCRT4.dll
0x00007ffb19690000 - 0x00007ffb197f5000 	C:\WINDOWS\System32\USER32.dll
0x00007ffb16fc0000 - 0x00007ffb16fde000 	C:\WINDOWS\System32\win32u.dll
0x00007ffb18d20000 - 0x00007ffb18d54000 	C:\WINDOWS\System32\GDI32.dll
0x00007ffb17080000 - 0x00007ffb17202000 	C:\WINDOWS\System32\gdi32full.dll
0x00007ffb09010000 - 0x00007ffb0928a000 	C:\WINDOWS\WinSxS\amd64_microsoft.windows.common-controls_6595b64144ccf1df_6.0.14393.953_none_42151e83c686086b\COMCTL32.dll
0x00007ffb18dc0000 - 0x00007ffb19088000 	C:\WINDOWS\System32\combase.dll
0x00007ffb164a0000 - 0x00007ffb16595000 	C:\WINDOWS\System32\ucrtbase.dll
0x00007ffb16f50000 - 0x00007ffb16fba000 	C:\WINDOWS\System32\bcryptPrimitives.dll
0x00007ffb19660000 - 0x00007ffb1968e000 	C:\WINDOWS\System32\IMM32.DLL
0x000000006b180000 - 0x000000006b252000 	C:\Program Files\Java\jdk1.8.0_101\jre\bin\msvcr100.dll
0x000000006b260000 - 0x000000006bafa000 	C:\Program Files\Java\jdk1.8.0_101\jre\bin\server\jvm.dll
0x00007ffb19c70000 - 0x00007ffb19c78000 	C:\WINDOWS\System32\PSAPI.DLL
0x00007ffb134c0000 - 0x00007ffb134e3000 	C:\WINDOWS\SYSTEM32\WINMM.dll
0x00007ffb06850000 - 0x00007ffb06859000 	C:\WINDOWS\SYSTEM32\WSOCK32.dll
0x00007ffb11490000 - 0x00007ffb1149a000 	C:\WINDOWS\SYSTEM32\VERSION.dll
0x00007ffb19900000 - 0x00007ffb1996a000 	C:\WINDOWS\System32\WS2_32.dll
0x00007ffb13440000 - 0x00007ffb1346b000 	C:\WINDOWS\SYSTEM32\winmmbase.dll
0x00007ffb165a0000 - 0x00007ffb165e2000 	C:\WINDOWS\System32\cfgmgr32.dll
0x000000006b170000 - 0x000000006b17f000 	C:\Program Files\Java\jdk1.8.0_101\jre\bin\verify.dll
0x000000006b140000 - 0x000000006b169000 	C:\Program Files\Java\jdk1.8.0_101\jre\bin\java.dll
0x000000006b120000 - 0x000000006b136000 	C:\Program Files\Java\jdk1.8.0_101\jre\bin\zip.dll

VM Arguments:
jvm_args: -Dfile.encoding=UTF-8 
java_command: ComputerStore
java_class_path (initial): C:\Users\LRRR\Documents\NetBeansProjects\DB_project\build\classes
Launcher Type: SUN_STANDARD

Environment Variables:
USERNAME=LRRR
OS=Windows_NT
PROCESSOR_IDENTIFIER=Intel64 Family 6 Model 94 Stepping 3, GenuineIntel



---------------  S Y S T E M  ---------------

OS: Windows 10.0 , 64 bit Build 14393 (10.0.14393.0)

CPU:total 4 (4 cores per cpu, 1 threads per core) family 6 model 94 stepping 3, cmov, cx8, fxsr, mmx, sse, sse2, sse3, ssse3, sse4.1, sse4.2, popcnt, avx, avx2, aes, clmul, erms, rtm, 3dnowpref, lzcnt, tsc, tscinvbit, bmi1, bmi2, adx

Memory: 4k page, physical 16704680k(8403748k free), swap 40153304k(5260k free)

vm_info: Java HotSpot(TM) 64-Bit Server VM (25.101-b13) for windows-amd64 JRE (1.8.0_101-b13), built on Jun 22 2016 01:21:29 by "java_re" with MS VC++ 10.0 (VS2010)

time: Sat Mar 25 20:41:53 2017
elapsed time: 0 seconds (0d 0h 0m 0s)

